2020-11-01 20:02:36
start -- net/Server.cc : 45
2020-11-01 20:02:42
accept fd=13 -- net/Server.cc : 25
2020-11-01 20:02:47
delete fd=13 -- net/Channel.cc : 12
2020-11-01 20:03:21
accept fd=13 -- net/Server.cc : 25
2020-11-01 20:03:26
delete fd=13 -- net/Channel.cc : 12
2020-11-01 20:07:26
start -- net/Server.cc : 45
2020-11-01 20:07:35
accept fd=13 -- net/Server.cc : 25
2020-11-01 20:08:16
delete fd=13 -- net/Channel.cc : 12
2020-11-01 20:08:16
accept fd=13 -- net/Server.cc : 25
2020-11-01 20:08:27
accept fd=14 -- net/Server.cc : 25
2020-11-01 20:08:27
delete fd=13 -- net/Channel.cc : 12
2020-11-01 21:57:48
start -- net/Server.cc : 45
2020-11-01 21:57:52
accept fd=13 -- net/Server.cc : 25
2020-11-01 21:57:54
delete fd=13 -- net/Channel.cc : 12
2020-11-01 21:58:00
accept fd=13 -- net/Server.cc : 25
2020-11-01 21:58:23
delete fd=13 -- net/Channel.cc : 12
2020-11-01 21:58:33
accept fd=13 -- net/Server.cc : 25
2020-11-01 21:59:08
delete fd=13 -- net/Channel.cc : 12
2020-11-02 14:09:14
start -- net/Server.cc : 45
2020-11-02 14:09:20
accept fd=13 -- net/Server.cc : 25
2020-11-02 14:09:32
no file -- net/Http_conn.cc : 61
2020-11-02 14:09:32
parse error -- net/Http_conn.cc : 90
2020-11-02 14:09:32
delete fd=13 -- net/Channel.cc : 12
2020-11-02 14:09:48
accept fd=13 -- net/Server.cc : 25
2020-11-02 14:09:49
delete fd=13 -- net/Channel.cc : 12
2020-11-02 14:10:07
accept fd=13 -- net/Server.cc : 25
2020-11-02 14:17:26
start -- net/Server.cc : 45
2020-11-02 14:17:31
accept fd=13 -- net/Server.cc : 25
2020-11-02 14:18:02
no file -- net/Http_conn.cc : 61
2020-11-02 14:18:02
parse error -- net/Http_conn.cc : 90
2020-11-02 14:18:02
delete fd=13 -- net/Channel.cc : 12
2020-11-02 15:36:01
start -- net/Server.cc : 45
2020-11-02 15:36:09
accept fd=13 -- net/Server.cc : 25
2020-11-02 15:36:14
no file -- net/Http_conn.cc : 62
2020-11-02 15:36:14
parse error -- net/Http_conn.cc : 91
2020-11-02 15:36:14
delete fd=13 -- net/Channel.cc : 12
2020-11-02 15:41:53
start -- net/Server.cc : 45
2020-11-02 15:42:00
accept fd=13 -- net/Server.cc : 25
2020-11-02 15:46:52
start -- net/Server.cc : 45
2020-11-02 15:47:48
start -- net/Server.cc : 45
2020-11-02 15:48:54
start -- net/Server.cc : 45
2020-11-02 15:49:04
start -- net/Server.cc : 45
2020-11-02 15:50:19
start -- net/Server.cc : 45
2020-11-02 15:56:00
start -- net/Server.cc : 45
2020-11-02 16:00:46
start -- net/Server.cc : 45
2020-11-02 16:00:54
accept fd=13 -- net/Server.cc : 25
2020-11-02 16:01:08
no file -- net/Http_conn.cc : 62
2020-11-02 16:01:08
parse error -- net/Http_conn.cc : 91
2020-11-02 16:01:08
delete fd=13 -- net/Channel.cc : 12
2020-11-02 16:02:51
start -- net/Server.cc : 45
2020-11-02 16:02:57
accept fd=13 -- net/Server.cc : 25
2020-11-02 16:03:06
writen error -- net/Http_conn.cc : 210
2020-11-02 16:03:18
delete fd=13 -- net/Channel.cc : 12
2020-11-02 16:05:26
start -- net/Server.cc : 45
2020-11-02 16:05:31
accept fd=13 -- net/Server.cc : 25
2020-11-02 16:06:01
delete fd=13 -- net/Channel.cc : 12
2020-11-02 16:06:01
accept fd=13 -- net/Server.cc : 25
2020-11-02 17:19:16
start -- net/Server.cc : 45
2020-11-02 17:19:24
accept fd=13 -- net/Server.cc : 25
2020-11-02 17:21:45
start -- net/Server.cc : 45
2020-11-02 17:21:51
accept fd=13 -- net/Server.cc : 25
2020-11-02 17:26:20
start -- net/Server.cc : 45
2020-11-02 17:26:26
accept fd=13 -- net/Server.cc : 25
2020-11-02 17:27:12
accept fd=14 -- net/Server.cc : 25
2020-11-02 17:44:58
start -- net/Server.cc : 45
2020-11-02 17:45:05
accept fd=13 -- net/Server.cc : 25
2020-11-02 17:47:37
start -- net/Server.cc : 45
2020-11-02 17:47:41
accept fd=13 -- net/Server.cc : 25
2020-11-02 17:52:10
start -- net/Server.cc : 45
2020-11-02 17:52:28
start -- net/Server.cc : 45
2020-11-02 17:52:32
accept fd=13 -- net/Server.cc : 25
2020-11-02 17:52:39
accept fd=14 -- net/Server.cc : 25
2020-11-02 17:57:03
start -- net/Server.cc : 45
2020-11-02 17:57:06
accept fd=13 -- net/Server.cc : 25
2020-11-02 20:04:13
start -- net/Server.cc : 45
2020-11-02 20:04:21
accept fd=13 -- net/Server.cc : 25
2020-11-02 20:21:52
start -- net/Server.cc : 45
2020-11-02 20:22:01
accept fd=13 -- net/Server.cc : 25
2020-11-02 20:22:13
writen error -- net/Http_conn.cc : 217
2020-11-02 20:26:28
start -- net/Server.cc : 45
2020-11-02 20:26:35
accept fd=13 -- net/Server.cc : 25
2020-11-02 20:26:40
writen error -- net/Http_conn.cc : 217
2020-11-02 20:26:54
delete fd=13 -- net/Channel.cc : 12
2020-11-02 20:26:58
accept fd=13 -- net/Server.cc : 25
2020-11-02 20:26:58
writen error -- net/Http_conn.cc : 217
2020-11-02 20:42:31
start -- net/Server.cc : 45
2020-11-02 20:42:36
accept fd=13 -- net/Server.cc : 25
2020-11-02 20:42:58
delete fd=13 -- net/Channel.cc : 12
2020-11-02 20:42:58
accept fd=13 -- net/Server.cc : 25
2020-11-02 20:42:58
writen error -- net/Http_conn.cc : 184
2020-11-02 20:43:54
parse error -- net/Http_conn.cc : 91
2020-11-02 20:43:54
delete fd=13 -- net/Channel.cc : 12
2020-11-02 20:43:54
accept fd=13 -- net/Server.cc : 25
2020-11-02 20:46:39
start -- net/Server.cc : 45
2020-11-02 20:46:44
accept fd=13 -- net/Server.cc : 25
2020-11-02 20:46:49
delete fd=13 -- net/Channel.cc : 12
2020-11-02 20:46:52
accept fd=13 -- net/Server.cc : 25
2020-11-02 20:46:53
delete fd=13 -- net/Channel.cc : 12
2020-11-02 20:47:03
accept fd=13 -- net/Server.cc : 25
2020-11-02 20:47:03
writen error -- net/Http_conn.cc : 184
2020-11-02 20:50:49
start -- net/Server.cc : 45
2020-11-02 20:50:54
accept fd=13 -- net/Server.cc : 25
2020-11-02 20:51:03
writen error -- net/Http_conn.cc : 187
2020-11-02 20:51:20
parse error -- net/Http_conn.cc : 91
2020-11-02 20:51:20
delete fd=13 -- net/Channel.cc : 12
2020-11-02 20:51:20
accept fd=13 -- net/Server.cc : 25
2020-11-02 20:51:21
delete fd=13 -- net/Channel.cc : 12
2020-11-02 20:51:29
accept fd=13 -- net/Server.cc : 25
2020-11-02 20:53:27
accept fd=14 -- net/Server.cc : 25
2020-11-02 20:53:27
delete fd=13 -- net/Channel.cc : 12
2020-11-02 20:54:00
delete fd=14 -- net/Channel.cc : 12
